Using pre-set license
Built from '2020.3/staging' branch; Version is '2020.3.17f1 (a4537701e4ab) revision 10769271'; Using compiler version '192528614'; Build Type 'Release'
OS: 'Windows 10 Home; OS build 19042.1348; Version 2009; 64bit' Language: 'en' Physical Memory: 16262 MB
BatchMode: 1, IsHumanControllingUs: 0, StartBugReporterOnCrash: 0, Is64bit: 1, IsPro: 0

COMMAND LINE ARGUMENTS:
C:\Program Files\Unity\Hub\Editor\2020.3.17f1\Editor\Unity.exe
-adb2
-batchMode
-noUpm
-name
AssetImportWorker0
-projectPath
D:/School/Game and Sim Prog 2/Week12GSP2-Portals/ThirdPerson
-logFile
Logs/AssetImportWorker0.log
-srvPort
60265
Successfully changed project path to: D:/School/Game and Sim Prog 2/Week12GSP2-Portals/ThirdPerson
D:/School/Game and Sim Prog 2/Week12GSP2-Portals/ThirdPerson
Using Asset Import Pipeline V2.
Refreshing native plugins compatible for Editor in 31.47 ms, found 2 plugins.
Preloading 0 native plugins for Editor in 0.00 ms.
Initialize engine version: 2020.3.17f1 (a4537701e4ab)
[Subsystems] Discovering subsystems at path C:/Program Files/Unity/Hub/Editor/2020.3.17f1/Editor/Data/Resources/UnitySubsystems
[Subsystems] Discovering subsystems at path D:/School/Game and Sim Prog 2/Week12GSP2-Portals/ThirdPerson/Assets
GfxDevice: creating device client; threaded=0
Direct3D:
    Version:  Direct3D 11.0 [level 11.1]
    Renderer: NVIDIA GeForce GTX 1060 (ID=0x1c20)
    Vendor:   
    VRAM:     6052 MB
    Driver:   30.0.14.9676
Initialize mono
Mono path[0] = 'C:/Program Files/Unity/Hub/Editor/2020.3.17f1/Editor/Data/Managed'
Mono path[1] = 'C:/Program Files/Unity/Hub/Editor/2020.3.17f1/Editor/Data/MonoBleedingEdge/lib/mono/unityjit'
Mono config path = 'C:/Program Files/Unity/Hub/Editor/2020.3.17f1/Editor/Data/MonoBleedingEdge/etc'
Using monoOptions --debugger-agent=transport=dt_socket,embedding=1,server=y,suspend=n,address=127.0.0.1:56852
Begin MonoManager ReloadAssembly
Registering precompiled unity dll's ...
Register platform support module: C:/Program Files/Unity/Hub/Editor/2020.3.17f1/Editor/Data/PlaybackEngines/WindowsStandaloneSupport/UnityEditor.WindowsStandalone.Extensions.dll
Registered in 0.003275 seconds.
Native extension for WindowsStandalone target not found
Refreshing native plugins compatible for Editor in 28.39 ms, found 2 plugins.
Preloading 0 native plugins for Editor in 0.00 ms.
Mono: successfully reloaded assembly
- Completed reload, in  1.252 seconds
Domain Reload Profiling:
	ReloadAssembly (1252ms)
		BeginReloadAssembly (64ms)
			ExecutionOrderSort (0ms)
			DisableScriptedObjects (0ms)
			BackupInstance (0ms)
			ReleaseScriptingObjects (0ms)
			CreateAndSetChildDomain (1ms)
		EndReloadAssembly (391ms)
			LoadAssemblies (59ms)
			RebuildTransferFunctionScriptingTraits (0ms)
			SetupTypeCache (141ms)
			ReleaseScriptCaches (0ms)
			RebuildScriptCaches (30ms)
			SetupLoadedEditorAssemblies (146ms)
				LogAssemblyErrors (0ms)
				InitializePlatformSupportModulesInManaged (4ms)
				SetLoadedEditorAssemblies (0ms)
				RefreshPlugins (29ms)
				BeforeProcessingInitializeOnLoad (16ms)
				ProcessInitializeOnLoadAttributes (71ms)
				ProcessInitializeOnLoadMethodAttributes (26ms)
				AfterProcessingInitializeOnLoad (0ms)
				EditorAssembliesLoaded (0ms)
			ExecutionOrderSort2 (0ms)
			AwakeInstancesAfterBackupRestoration (0ms)
Platform modules already initialized, skipping
Registering precompiled user dll's ...
Registered in 0.006965 seconds.
Begin MonoManager ReloadAssembly
Native extension for WindowsStandalone target not found
Refreshing native plugins compatible for Editor in 0.30 ms, found 2 plugins.
Preloading 0 native plugins for Editor in 0.00 ms.
Mono: successfully reloaded assembly
- Completed reload, in  1.105 seconds
Domain Reload Profiling:
	ReloadAssembly (1106ms)
		BeginReloadAssembly (146ms)
			ExecutionOrderSort (0ms)
			DisableScriptedObjects (4ms)
			BackupInstance (0ms)
			ReleaseScriptingObjects (0ms)
			CreateAndSetChildDomain (16ms)
		EndReloadAssembly (887ms)
			LoadAssemblies (96ms)
			RebuildTransferFunctionScriptingTraits (0ms)
			SetupTypeCache (261ms)
			ReleaseScriptCaches (0ms)
			RebuildScriptCaches (43ms)
			SetupLoadedEditorAssemblies (394ms)
				LogAssemblyErrors (0ms)
				InitializePlatformSupportModulesInManaged (5ms)
				SetLoadedEditorAssemblies (0ms)
				RefreshPlugins (0ms)
				BeforeProcessingInitializeOnLoad (83ms)
				ProcessInitializeOnLoadAttributes (287ms)
				ProcessInitializeOnLoadMethodAttributes (4ms)
				AfterProcessingInitializeOnLoad (14ms)
				EditorAssembliesLoaded (0ms)
			ExecutionOrderSort2 (0ms)
			AwakeInstancesAfterBackupRestoration (6ms)
Platform modules already initialized, skipping
========================================================================
Worker process is ready to serve import requests
Launched and connected shader compiler UnityShaderCompiler.exe after 0.08 seconds
Refreshing native plugins compatible for Editor in 0.52 ms, found 2 plugins.
Preloading 0 native plugins for Editor in 0.00 ms.
Unloading 1550 Unused Serialized files (Serialized files now loaded: 0)
System memory in use before: 70.0 MB.
System memory in use after: 70.1 MB.

Unloading 19 unused Assets to reduce memory usage. Loaded Objects now: 1983.
Total: 3.642800 ms (FindLiveObjects: 0.156200 ms CreateObjectMapping: 0.050200 ms MarkObjects: 3.356600 ms  DeleteObjects: 0.078500 ms)

AssetImportParameters requested are different than current active one (requested -> active):
  custom:framework-win-MediaFoundation: 216162199b28c13a410421893ffa2e32 -> 
  custom:video-decoder-ogg-theora: a1e56fd34408186e4bbccfd4996cb3dc -> 
  custom:container-muxer-webm: aa71ff27fc2769a1b78a27578f13a17b -> 
  custom:container-demuxer-webm: 4f35f7cbe854078d1ac9338744f61a02 -> 
  custom:container-demuxer-ogg: 62fdf1f143b41e24485cea50d1cbac27 -> 
  custom:video-encoder-webm-vp8: eb34c28f22e8b96e1ab97ce403110664 -> 
  custom:video-codec-MediaFoundation-h265: 746d11721c4dcdbdad8f713fa42b33f4 -> 
  custom:video-decoder-webm-vp8: 9c59270c3fd7afecdb556c50c9e8de78 -> 
  custom:audio-decoder-ogg-vorbis: bf7c407c2cedff20999df2af8eb42d56 -> 
  custom:audio-encoder-webm-vorbis: bf7c407c2cedff20999df2af8eb42d56 -> 
========================================================================
Received Import Request.
  path: Assets/PortalViewthrough.mat
  artifactKey: Guid(fef28d021c2925846b6bce14522f9c74) Importer(815301076,1909f56bfc062723c751e8b465ee728b)
Start importing Assets/PortalViewthrough.mat using Guid(fef28d021c2925846b6bce14522f9c74) Importer(815301076,1909f56bfc062723c751e8b465ee728b)  -> (artifact id: '492f1678e262319b5a747717801871a3') in 0.142929 seconds 
  Import took 0.145341 seconds .

========================================================================
Received Import Request.
  Time since last request: 0.000228 seconds.
  path: Assets/Portal.prefab
  artifactKey: Guid(758527c61b172ce4abe8560cf0f7ef17) Importer(815301076,1909f56bfc062723c751e8b465ee728b)
Start importing Assets/Portal.prefab using Guid(758527c61b172ce4abe8560cf0f7ef17) Importer(815301076,1909f56bfc062723c751e8b465ee728b)  -> (artifact id: '607c5a5425455b8da412dc1ffb01175c') in 0.034050 seconds 
  Import took 0.038110 seconds .

========================================================================
Received Import Request.
  Time since last request: 1590.885892 seconds.
  path: Assets/PortalCollision.cs
  artifactKey: Guid(19ced81c27246ad419c23aafaa085922) Importer(815301076,1909f56bfc062723c751e8b465ee728b)
Start importing Assets/PortalCollision.cs using Guid(19ced81c27246ad419c23aafaa085922) Importer(815301076,1909f56bfc062723c751e8b465ee728b)  -> (artifact id: 'fd6f75947eb10dc8108ec876346fd5b0') in 0.021237 seconds 
  Import took 0.024108 seconds .

========================================================================
Received Import Request.
  Time since last request: 0.012419 seconds.
  path: Assets/PortalCollision.cs
  artifactKey: Guid(19ced81c27246ad419c23aafaa085922) Importer(815301076,1909f56bfc062723c751e8b465ee728b)
Start importing Assets/PortalCollision.cs using Guid(19ced81c27246ad419c23aafaa085922) Importer(815301076,1909f56bfc062723c751e8b465ee728b)  -> (artifact id: 'fd6f75947eb10dc8108ec876346fd5b0') in 0.005175 seconds 
  Import took 0.008211 seconds .

========================================================================
Received Import Request.
  Time since last request: 13.374387 seconds.
  path: Assets/Portal.cs
  artifactKey: Guid(4c8d4f9f44cf4734dbd07bfcafc088a1) Importer(815301076,1909f56bfc062723c751e8b465ee728b)
Start importing Assets/Portal.cs using Guid(4c8d4f9f44cf4734dbd07bfcafc088a1) Importer(815301076,1909f56bfc062723c751e8b465ee728b)  -> (artifact id: '181a28f9cc5cb22f77945e0adcdacffa') in 0.023591 seconds 
  Import took 0.031549 seconds .

========================================================================
Received Import Request.
  Time since last request: 0.002667 seconds.
  path: Assets/Portal.cs
  artifactKey: Guid(4c8d4f9f44cf4734dbd07bfcafc088a1) Importer(815301076,1909f56bfc062723c751e8b465ee728b)
Start importing Assets/Portal.cs using Guid(4c8d4f9f44cf4734dbd07bfcafc088a1) Importer(815301076,1909f56bfc062723c751e8b465ee728b)  -> (artifact id: '181a28f9cc5cb22f77945e0adcdacffa') in 0.016049 seconds 
  Import took 0.021591 seconds .

========================================================================
Received Import Request.
  Time since last request: 5.858735 seconds.
  path: Assets/Scripts
  artifactKey: Guid(449f7da4ca6fc3c4886bebb2d5a8ef34) Importer(815301076,1909f56bfc062723c751e8b465ee728b)
Start importing Assets/Scripts using Guid(449f7da4ca6fc3c4886bebb2d5a8ef34) Importer(815301076,1909f56bfc062723c751e8b465ee728b)  -> (artifact id: '95c9f1446c6a335fa929fce9075bda49') in 0.010427 seconds 
  Import took 0.015040 seconds .

========================================================================
Received Import Request.
  Time since last request: 1.063119 seconds.
  path: Assets/Scripts/EnemyController.cs
  artifactKey: Guid(da6261d5d07a825429b8f5666ef980ae) Importer(815301076,1909f56bfc062723c751e8b465ee728b)
Start importing Assets/Scripts/EnemyController.cs using Guid(da6261d5d07a825429b8f5666ef980ae) Importer(815301076,1909f56bfc062723c751e8b465ee728b)  -> (artifact id: '0d9fa0b32382ea0991955677cd4bb399') in 0.006552 seconds 
  Import took 0.009173 seconds .

========================================================================
Received Import Request.
  Time since last request: 2.116649 seconds.
  path: Assets/Scripts/PlayerController.cs
  artifactKey: Guid(ec646e2a062c0d64999430311eb9154f) Importer(815301076,1909f56bfc062723c751e8b465ee728b)
Start importing Assets/Scripts/PlayerController.cs using Guid(ec646e2a062c0d64999430311eb9154f) Importer(815301076,1909f56bfc062723c751e8b465ee728b)  -> (artifact id: '4d8bf5d198ac01ae4990e4910479a19d') in 0.007775 seconds 
  Import took 0.010412 seconds .

========================================================================
Received Import Request.
  Time since last request: 2.480842 seconds.
  path: Assets/Scripts/Sight.cs
  artifactKey: Guid(154c59d9a494c3d4096cdd8529aa6d9c) Importer(815301076,1909f56bfc062723c751e8b465ee728b)
Start importing Assets/Scripts/Sight.cs using Guid(154c59d9a494c3d4096cdd8529aa6d9c) Importer(815301076,1909f56bfc062723c751e8b465ee728b)  -> (artifact id: 'f8ca1330113bcb2e5baaca78f6500013') in 0.007801 seconds 
  Import took 0.010731 seconds .

========================================================================
Received Import Request.
  Time since last request: 0.001489 seconds.
  path: Assets/Scripts/Sight.cs
  artifactKey: Guid(154c59d9a494c3d4096cdd8529aa6d9c) Importer(815301076,1909f56bfc062723c751e8b465ee728b)
Start importing Assets/Scripts/Sight.cs using Guid(154c59d9a494c3d4096cdd8529aa6d9c) Importer(815301076,1909f56bfc062723c751e8b465ee728b)  -> (artifact id: 'f8ca1330113bcb2e5baaca78f6500013') in 0.006636 seconds 
  Import took 0.010914 seconds .

========================================================================
Received Prepare
Registering precompiled user dll's ...
Registered in 0.007998 seconds.
Begin MonoManager ReloadAssembly
Native extension for WindowsStandalone target not found
Refreshing native plugins compatible for Editor in 0.33 ms, found 2 plugins.
Preloading 0 native plugins for Editor in 0.00 ms.
Mono: successfully reloaded assembly
- Completed reload, in  1.100 seconds
Domain Reload Profiling:
	ReloadAssembly (1101ms)
		BeginReloadAssembly (125ms)
			ExecutionOrderSort (0ms)
			DisableScriptedObjects (4ms)
			BackupInstance (0ms)
			ReleaseScriptingObjects (0ms)
			CreateAndSetChildDomain (33ms)
		EndReloadAssembly (904ms)
			LoadAssemblies (105ms)
			RebuildTransferFunctionScriptingTraits (0ms)
			SetupTypeCache (288ms)
			ReleaseScriptCaches (1ms)
			RebuildScriptCaches (45ms)
			SetupLoadedEditorAssemblies (382ms)
				LogAssemblyErrors (0ms)
				InitializePlatformSupportModulesInManaged (5ms)
				SetLoadedEditorAssemblies (0ms)
				RefreshPlugins (0ms)
				BeforeProcessingInitializeOnLoad (81ms)
				ProcessInitializeOnLoadAttributes (278ms)
				ProcessInitializeOnLoadMethodAttributes (4ms)
				AfterProcessingInitializeOnLoad (14ms)
				EditorAssembliesLoaded (0ms)
			ExecutionOrderSort2 (0ms)
			AwakeInstancesAfterBackupRestoration (8ms)
Platform modules already initialized, skipping
Refreshing native plugins compatible for Editor in 0.30 ms, found 2 plugins.
Preloading 0 native plugins for Editor in 0.00 ms.
Unloading 1541 Unused Serialized files (Serialized files now loaded: 0)
System memory in use before: 73.0 MB.
System memory in use after: 73.1 MB.

Unloading 14 unused Assets to reduce memory usage. Loaded Objects now: 2025.
Total: 3.262000 ms (FindLiveObjects: 0.168100 ms CreateObjectMapping: 0.046500 ms MarkObjects: 3.027600 ms  DeleteObjects: 0.018900 ms)

AssetImportParameters requested are different than current active one (requested -> active):
  custom:framework-win-MediaFoundation: 216162199b28c13a410421893ffa2e32 -> 
  custom:video-decoder-ogg-theora: a1e56fd34408186e4bbccfd4996cb3dc -> 
  custom:container-muxer-webm: aa71ff27fc2769a1b78a27578f13a17b -> 
  custom:container-demuxer-webm: 4f35f7cbe854078d1ac9338744f61a02 -> 
  custom:container-demuxer-ogg: 62fdf1f143b41e24485cea50d1cbac27 -> 
  custom:video-encoder-webm-vp8: eb34c28f22e8b96e1ab97ce403110664 -> 
  custom:video-codec-MediaFoundation-h265: 746d11721c4dcdbdad8f713fa42b33f4 -> 
  custom:video-decoder-webm-vp8: 9c59270c3fd7afecdb556c50c9e8de78 -> 
  custom:audio-decoder-ogg-vorbis: bf7c407c2cedff20999df2af8eb42d56 -> 
  custom:audio-encoder-webm-vorbis: bf7c407c2cedff20999df2af8eb42d56 -> 
========================================================================
Received Prepare
Registering precompiled user dll's ...
Registered in 0.007472 seconds.
Begin MonoManager ReloadAssembly
Native extension for WindowsStandalone target not found
Refreshing native plugins compatible for Editor in 0.29 ms, found 2 plugins.
Preloading 0 native plugins for Editor in 0.00 ms.
Mono: successfully reloaded assembly
- Completed reload, in  1.053 seconds
Domain Reload Profiling:
	ReloadAssembly (1053ms)
		BeginReloadAssembly (126ms)
			ExecutionOrderSort (0ms)
			DisableScriptedObjects (4ms)
			BackupInstance (0ms)
			ReleaseScriptingObjects (0ms)
			CreateAndSetChildDomain (30ms)
		EndReloadAssembly (855ms)
			LoadAssemblies (98ms)
			RebuildTransferFunctionScriptingTraits (0ms)
			SetupTypeCache (257ms)
			ReleaseScriptCaches (1ms)
			RebuildScriptCaches (43ms)
			SetupLoadedEditorAssemblies (372ms)
				LogAssemblyErrors (0ms)
				InitializePlatformSupportModulesInManaged (5ms)
				SetLoadedEditorAssemblies (0ms)
				RefreshPlugins (0ms)
				BeforeProcessingInitializeOnLoad (82ms)
				ProcessInitializeOnLoadAttributes (267ms)
				ProcessInitializeOnLoadMethodAttributes (4ms)
				AfterProcessingInitializeOnLoad (14ms)
				EditorAssembliesLoaded (0ms)
			ExecutionOrderSort2 (0ms)
			AwakeInstancesAfterBackupRestoration (6ms)
Platform modules already initialized, skipping
Refreshing native plugins compatible for Editor in 0.30 ms, found 2 plugins.
Preloading 0 native plugins for Editor in 0.00 ms.
Unloading 1541 Unused Serialized files (Serialized files now loaded: 0)
System memory in use before: 73.0 MB.
System memory in use after: 73.1 MB.

Unloading 14 unused Assets to reduce memory usage. Loaded Objects now: 2027.
Total: 2.781400 ms (FindLiveObjects: 0.149900 ms CreateObjectMapping: 0.039900 ms MarkObjects: 2.575700 ms  DeleteObjects: 0.015300 ms)

AssetImportParameters requested are different than current active one (requested -> active):
  custom:framework-win-MediaFoundation: 216162199b28c13a410421893ffa2e32 -> 
  custom:video-decoder-ogg-theora: a1e56fd34408186e4bbccfd4996cb3dc -> 
  custom:container-muxer-webm: aa71ff27fc2769a1b78a27578f13a17b -> 
  custom:container-demuxer-webm: 4f35f7cbe854078d1ac9338744f61a02 -> 
  custom:container-demuxer-ogg: 62fdf1f143b41e24485cea50d1cbac27 -> 
  custom:video-encoder-webm-vp8: eb34c28f22e8b96e1ab97ce403110664 -> 
  custom:video-codec-MediaFoundation-h265: 746d11721c4dcdbdad8f713fa42b33f4 -> 
  custom:video-decoder-webm-vp8: 9c59270c3fd7afecdb556c50c9e8de78 -> 
  custom:audio-decoder-ogg-vorbis: bf7c407c2cedff20999df2af8eb42d56 -> 
  custom:audio-encoder-webm-vorbis: bf7c407c2cedff20999df2af8eb42d56 -> 
========================================================================
Received Import Request.
  Time since last request: 929.829524 seconds.
  path: Assets/Prefabs/Enemy.prefab
  artifactKey: Guid(7b906e0adb50b824eb72c13977cd9d83) Importer(815301076,1909f56bfc062723c751e8b465ee728b)
Start importing Assets/Prefabs/Enemy.prefab using Guid(7b906e0adb50b824eb72c13977cd9d83) Importer(815301076,1909f56bfc062723c751e8b465ee728b)  -> (artifact id: 'd0535dfa7f6d7e5365e85f9a13362657') in 0.312639 seconds 
  Import took 0.315746 seconds .

========================================================================
Received Import Request.
  Time since last request: 0.000353 seconds.
  path: Assets/Prefabs/Player.prefab
  artifactKey: Guid(4cc9e7b1db2e4d44ba0faaedd17c8373) Importer(815301076,1909f56bfc062723c751e8b465ee728b)
Start importing Assets/Prefabs/Player.prefab using Guid(4cc9e7b1db2e4d44ba0faaedd17c8373) Importer(815301076,1909f56bfc062723c751e8b465ee728b)  -> (artifact id: '45d4c76c0ceb576507394d24fd813cdf') in 0.077509 seconds 
  Import took 0.080269 seconds .

AssetImportWorkerClient::OnTransportError - code=2 error=End of file
